app/build/intermediates/manifest_merge_blame_file/debug/manifest-merger-blame-debug-report.txt
1<?xml version="1.0" encoding="utf-8"?>
2<manifest xmlns:android="http://schemas.android.com/apk/res/android"
3    package="com.example.miniproject"
4    android:versionCode="1"
5    android:versionName="1.0" >
6
7    <uses-sdk
8        android:minSdkVersion="21"
8-->src/main/AndroidManifest.xml
9        android:targetSdkVersion="29" />
9-->src/main/AndroidManifest.xml
10
11    <uses-permission android:name="android.permission.ACCESS_NETWORK_STATE" />
11-->[com.google.firebase:firebase-database:16.0.4] AndroidManifest.xml:22:5-79
11-->[com.google.firebase:firebase-database:16.0.4] AndroidManifest.xml:22:22-76
12    <uses-permission android:name="android.permission.INTERNET" />
12-->[com.google.firebase:firebase-database:16.0.4] AndroidManifest.xml:23:5-67
12-->[com.google.firebase:firebase-database:16.0.4] AndroidManifest.xml:23:22-64
13
14    <application
14-->src/main/AndroidManifest.xml:5:5-31:19
15        android:allowBackup="true"
15-->src/main/AndroidManifest.xml:6:9-35
16        android:appComponentFactory="androidx.core.app.CoreComponentFactory"
16-->[androidx.core:core:1.1.0] AndroidManifest.xml:24:18-86
17        android:debuggable="true"
18        android:icon="@mipmap/ic_launcher"
18-->src/main/AndroidManifest.xml:7:9-43
19        android:label="@string/app_name"
19-->src/main/AndroidManifest.xml:8:9-41
20        android:roundIcon="@mipmap/ic_launcher_round"
20-->src/main/AndroidManifest.xml:9:9-54
21        android:supportsRtl="true"
21-->src/main/AndroidManifest.xml:10:9-35
22        android:testOnly="true"
23        android:theme="@style/AppTheme" >
23-->src/main/AndroidManifest.xml:11:9-40
24        <activity android:name="com.example.miniproject.result" />
24-->src/main/AndroidManifest.xml:12:9-53
24-->src/main/AndroidManifest.xml:12:19-41
25        <activity android:name="com.example.miniproject.contactus" />
25-->src/main/AndroidManifest.xml:13:9-47
25-->src/main/AndroidManifest.xml:13:19-44
26        <activity android:name="com.example.miniproject.Leaderboard" />
26-->src/main/AndroidManifest.xml:14:9-49
26-->src/main/AndroidManifest.xml:14:19-46
27        <activity android:name="com.example.miniproject.myaccount" />
27-->src/main/AndroidManifest.xml:15:9-47
27-->src/main/AndroidManifest.xml:15:19-44
28        <activity
28-->src/main/AndroidManifest.xml:16:9-19:59
29            android:name="com.example.miniproject.Navigation1"
29-->src/main/AndroidManifest.xml:17:13-40
30            android:label="@string/title_activity_navigation1"
30-->src/main/AndroidManifest.xml:18:13-63
31            android:theme="@style/AppTheme.NoActionBar" />
31-->src/main/AndroidManifest.xml:19:13-56
32        <activity android:name="com.example.miniproject.Preferences" />
32-->src/main/AndroidManifest.xml:20:9-49
32-->src/main/AndroidManifest.xml:20:19-46
33        <activity android:name="com.example.miniproject.QuestionPage" />
33-->src/main/AndroidManifest.xml:21:9-59
33-->src/main/AndroidManifest.xml:21:19-47
34        <activity android:name="com.example.miniproject.HomeActivity" />
34-->src/main/AndroidManifest.xml:22:9-50
34-->src/main/AndroidManifest.xml:22:19-47
35        <activity android:name="com.example.miniproject.LoginActivity" />
35-->src/main/AndroidManifest.xml:23:9-51
35-->src/main/AndroidManifest.xml:23:19-48
36        <activity android:name="com.example.miniproject.MainActivity" >
36-->src/main/AndroidManifest.xml:24:9-30:20
36-->src/main/AndroidManifest.xml:24:19-47
37            <intent-filter>
37-->src/main/AndroidManifest.xml:25:13-29:29
38                <action android:name="android.intent.action.MAIN" />
38-->src/main/AndroidManifest.xml:26:17-69
38-->src/main/AndroidManifest.xml:26:25-66
39
40                <category android:name="android.intent.category.LAUNCHER" />
40-->src/main/AndroidManifest.xml:28:17-77
40-->src/main/AndroidManifest.xml:28:27-74
41            </intent-filter>
42        </activity>
43        <activity
43-->[com.google.firebase:firebase-auth:16.0.5] AndroidManifest.xml:24:9-31:50
44            android:name="com.google.firebase.auth.internal.FederatedSignInActivity"
44-->[com.google.firebase:firebase-auth:16.0.5] AndroidManifest.xml:25:13-85
45            android:excludeFromRecents="true"
45-->[com.google.firebase:firebase-auth:16.0.5] AndroidManifest.xml:26:13-46
46            android:exported="true"
46-->[com.google.firebase:firebase-auth:16.0.5] AndroidManifest.xml:27:13-36
47            android:launchMode="singleTask"
47-->[com.google.firebase:firebase-auth:16.0.5] AndroidManifest.xml:28:13-44
48            android:permission="com.google.firebase.auth.api.gms.permission.LAUNCH_FEDERATED_SIGN_IN"
48-->[com.google.firebase:firebase-auth:16.0.5] AndroidManifest.xml:29:13-102
49            android:theme="@android:style/Theme.Translucent.NoTitleBar" />
49-->[com.google.firebase:firebase-auth:16.0.5] AndroidManifest.xml:30:13-72
50
51        <service
51-->[com.google.firebase:firebase-auth:16.0.5] AndroidManifest.xml:33:9-39:19
52            android:name="com.google.firebase.components.ComponentDiscoveryService"
52-->[com.google.firebase:firebase-auth:16.0.5] AndroidManifest.xml:34:13-84
53            android:exported="false" >
53-->[com.google.firebase:firebase-auth:16.0.5] AndroidManifest.xml:35:13-37
54            <meta-data
54-->[com.google.firebase:firebase-auth:16.0.5] AndroidManifest.xml:36:13-38:85
55                android:name="com.google.firebase.components:com.google.firebase.auth.FirebaseAuthRegistrar"
55-->[com.google.firebase:firebase-auth:16.0.5] AndroidManifest.xml:37:17-109
56                android:value="com.google.firebase.components.ComponentRegistrar" />
56-->[com.google.firebase:firebase-auth:16.0.5] AndroidManifest.xml:38:17-82
57        </service>
58
59        <activity
59-->[com.google.android.gms:play-services-base:16.0.1] AndroidManifest.xml:23:9-26:75
60            android:name="com.google.android.gms.common.api.GoogleApiActivity"
60-->[com.google.android.gms:play-services-base:16.0.1] AndroidManifest.xml:24:13-79
61            android:exported="false"
61-->[com.google.android.gms:play-services-base:16.0.1] AndroidManifest.xml:25:13-37
62            android:theme="@android:style/Theme.Translucent.NoTitleBar" />
62-->[com.google.android.gms:play-services-base:16.0.1] AndroidManifest.xml:26:13-72
63
64        <provider
64-->[com.google.firebase:firebase-common:16.0.3] AndroidManifest.xml:10:9-14:39
65            android:name="com.google.firebase.provider.FirebaseInitProvider"
65-->[com.google.firebase:firebase-common:16.0.3] AndroidManifest.xml:11:13-77
66            android:authorities="com.example.miniproject.firebaseinitprovider"
66-->[com.google.firebase:firebase-common:16.0.3] AndroidManifest.xml:12:13-72
67            android:exported="false"
67-->[com.google.firebase:firebase-common:16.0.3] AndroidManifest.xml:13:13-37
68            android:initOrder="100" />
68-->[com.google.firebase:firebase-common:16.0.3] AndroidManifest.xml:14:13-36
69
70        <meta-data
70-->[com.google.android.gms:play-services-basement:16.1.0] AndroidManifest.xml:23:9-25:69
71            android:name="com.google.android.gms.version"
71-->[com.google.android.gms:play-services-basement:16.1.0] AndroidManifest.xml:24:13-58
72            android:value="@integer/google_play_services_version" />
72-->[com.google.android.gms:play-services-basement:16.1.0] AndroidManifest.xml:25:13-66
73
74        <provider
74-->[androidx.lifecycle:lifecycle-process:2.1.0] AndroidManifest.xml:23:9-27:43
75            android:name="androidx.lifecycle.ProcessLifecycleOwnerInitializer"
75-->[androidx.lifecycle:lifecycle-process:2.1.0] AndroidManifest.xml:24:13-79
76            android:authorities="com.example.miniproject.lifecycle-process"
76-->[androidx.lifecycle:lifecycle-process:2.1.0] AndroidManifest.xml:25:13-69
77            android:exported="false"
77-->[androidx.lifecycle:lifecycle-process:2.1.0] AndroidManifest.xml:26:13-37
78            android:multiprocess="true" />
78-->[androidx.lifecycle:lifecycle-process:2.1.0] AndroidManifest.xml:27:13-40
79    </application>
80
81</manifest>